2018/8/24 星期五 上午 9:47:48	Debug	HttpServerFrom Closeing停止线程错误：未将对象引用设置到对象的实例。
2018/8/24 星期五 上午 10:09:24	Debug	G1475：文件“D:\Abutment\93\UnRevTar\EBDT_10233000000000001010101010000000000000001\EBDR_1528166300255_test.mp3”正由另一进程使用，因此该进程无法访问此文件。
2018/8/24 星期五 上午 10:15:21	Debug	心跳处错误：文件“D:\Abutment\93\SendTarFilePath\EBDT_01450011600000003140102010000000000000000.tar”正由另一进程使用，因此该进程无法访问此文件。
2018/8/24 星期五 上午 10:18:46	Debug	心跳处错误：文件“D:\Abutment\93\SendTarFilePath\EBDT_01450011600000003140102010000000000000000.tar”正由另一进程使用，因此该进程无法访问此文件。
2018/8/24 星期五 上午 10:32:07	Debug	G1475：文件“D:\Abutment\93\UnRevTar\EBDT_10233000000000001010101010000000000000001\EBDS_EBDB_10233000000000001010101010000000000000001.xml”正由另一进程使用，因此该进程无法访问此文件。
2018-08-24 11:23:54	Debug	正在中止线程。
2018-08-24 11:24:41	Debug	G1475：文件“D:\Abutment\93\UnRevTar\EBDT_10450011600000001010101010000000000000001\EBDR_1528166300255_test.mp3”正由另一进程使用，因此该进程无法访问此文件。
2018-08-24 11:25:59	Debug	G1475：文件“D:\Abutment\93\UnRevTar\EBDT_10450011600000001010101010000000000000001\EBDR_1528166300255_test.mp3”正由另一进程使用，因此该进程无法访问此文件。
2018-08-24 11:26:00	Debug	行号339：已添加了具有相同键的项。
2018-08-24 11:26:00	Debug	行号339：已添加了具有相同键的项。
2018-08-24 11:26:19	Debug	G1475：文件“D:\Abutment\93\UnRevTar\EBDT_10450011600000001010101010000000000000001\EBDR_1528166300255_test.mp3”正由另一进程使用，因此该进程无法访问此文件。
2018-08-24 11:26:20	Debug	正在中止线程。
2018-08-24 11:32:41	Debug	正在中止线程。
2018-08-24 11:33:32	Debug	G1475：文件“D:\Abutment\93\UnRevTar\EBDT_10450011600000001010101010000000000000001\EBDR_1528166300255_test.mp3”正由另一进程使用，因此该进程无法访问此文件。
2018-08-24 12:06:46	Debug	G1475：未能找到路径“D:\Abutment\93\UnRevTar\EBDT_10450011600000001010101010000000000000001\EBDS_EBDB_10450011600000001010101010000000000000001.xml”的一部分。
2018-08-24 12:06:59	Debug	G1475：文件“D:\Abutment\93\UnRevTar\EBDT_10450011600000001010101010000000000000001\EBDR_1528166300255_test.mp3”正由另一进程使用，因此该进程无法访问此文件。
2018-08-24 12:06:59	Debug	行号339：已添加了具有相同键的项。
2018-08-24 12:06:59	Debug	行号339：已添加了具有相同键的项。
2018-08-24 12:07:11	Debug	G1475：文件“D:\Abutment\93\UnRevTar\EBDT_10450011600000001010101010000000000000001\EBDR_1528166300255_test.mp3”正由另一进程使用，因此该进程无法访问此文件。
2018-08-24 12:07:11	Debug	行号339：已添加了具有相同键的项。
2018-08-24 12:07:25	Debug	G1475：文件“D:\Abutment\93\UnRevTar\EBDT_10450011600000001010101010000000000000001\EBDR_1528166300255_test.mp3”正由另一进程使用，因此该进程无法访问此文件。
2018-08-24 12:07:25	Debug	正在中止线程。
2018-08-24 12:10:19	Debug	G1475：未能找到路径“D:\Abutment\93\UnRevTar\EBDT_10450011600000001010101010000000000000004”的一部分。
2018-08-24 12:10:42	Debug	行号339：已添加了具有相同键的项。
2018-08-24 12:10:42	Debug	正在中止线程。
2018-08-24 12:14:08	Debug	行号339：已添加了具有相同键的项。
2018-08-24 12:14:08	Debug	G1475：文件“D:\Abutment\93\UnRevTar\EBDT_10450011600000001010101010000000000000009\EBDR_1528166300255_test.mp3”正由另一进程使用，因此该进程无法访问此文件。
2018-08-24 12:14:08	Debug	正在中止线程。
2018-08-24 12:15:35	Debug	行号339：已添加了具有相同键的项。
2018-08-24 12:15:35	Debug	正在中止线程。
2018-08-24 14:03:18	Debug	行号339：已添加了具有相同键的项。
2018-08-24 14:03:18	Debug	G1475：文件“D:\Abutment\93\UnRevTar\EBDT_10450011600000001010101010000000000000017\EBDR_1528166300255_test.mp3”正由另一进程使用，因此该进程无法访问此文件。
2018-08-24 14:03:18	Debug	正在中止线程。
2018-08-24 14:07:28	Debug	G1475：文件“D:\Abutment\93\UnRevTar\EBDT_10450011600000001010101010000000000000019\EBDR_1528166300255_test.mp3”正由另一进程使用，因此该进程无法访问此文件。
2018-08-24 14:07:28	Debug	行号339：已添加了具有相同键的项。
2018-08-24 14:07:52	Debug	HttpServerFrom Closeing停止线程错误：未将对象引用设置到对象的实例。
2018-08-24 14:11:21	Debug	行号339：已添加了具有相同键的项。
2018-08-24 14:11:21	Debug	正在中止线程。
2018-08-24 14:12:46	Debug	G1475：文件“D:\Abutment\93\UnRevTar\EBDT_10450011600000001010101010000000000000025\EBDR_1528166300255_test.mp3”正由另一进程使用，因此该进程无法访问此文件。
2018-08-24 14:12:47	Debug	正在中止线程。
2018-08-24 14:13:05	Debug	正在中止线程。
2018-08-24 15:14:46	Debug	G1475：文件“D:\Abutment\93\UnRevTar\EBDT_10450011600000001010101010000000000000031\EBDR_1528166300255_test.mp3”正由另一进程使用，因此该进程无法访问此文件。
2018-08-24 15:14:46	Debug	行号339：已添加了具有相同键的项。
2018-08-24 15:14:47	Debug	正在中止线程。
2018-08-24 15:19:03	Debug	G1475：未能找到路径“D:\Abutment\93\UnRevTar\EBDT_10450011600000001010101010000000000000033”的一部分。
2018-08-24 15:19:26	Debug	G1475：文件“D:\Abutment\93\UnRevTar\EBDT_10450011600000001010101010000000000000034\EBDR_1528166300255_test.mp3”正由另一进程使用，因此该进程无法访问此文件。
2018-08-24 15:19:27	Debug	行号339：已添加了具有相同键的项。
2018-08-24 15:19:27	Debug	G1475：文件“D:\Abutment\93\UnRevTar\EBDT_10450011600000001010101010000000000000035\EBDR_1528166300255_test.mp3”正由另一进程使用，因此该进程无法访问此文件。
2018-08-24 15:19:27	Debug	正在中止线程。
2018-08-24 17:21:40	Debug	G1475：文件“D:\Abutment\93\UnRevTar\EBDT_10450011600000001010101010000000000000038\EBDR_1528166300255_test.mp3”正由另一进程使用，因此该进程无法访问此文件。
2018-08-24 17:23:23	Debug	未将对象引用设置到对象的实例。
2018-08-24 22:34:55	Debug	正在中止线程。
2018-08-24 22:36:42	Debug	G1475：文件“D:\Abutment\93\UnRevTar\EBDT_10450011600000001010101010000000000000008\EBDR_1528166300255_test.mp3”正由另一进程使用，因此该进程无法访问此文件。
2018-08-24 22:36:42	Debug	正在中止线程。
2018-08-24 22:36:53	Debug	G1475：文件“D:\Abutment\93\UnRevTar\EBDT_10450011600000001010101010000000000000009\EBDR_1528166300255_test.mp3”正由另一进程使用，因此该进程无法访问此文件。
2018-08-24 22:36:58	Debug	G1475：文件“D:\Abutment\93\UnRevTar\EBDT_10450011600000001010101010000000000000010\EBDR_1528166300255_test.mp3”正由另一进程使用，因此该进程无法访问此文件。
2018-08-24 22:40:40	Debug	正在中止线程。
2018-08-24 22:40:57	Debug	G1475：文件“D:\Abutment\93\UnRevTar\EBDT_10450011600000001010101010000000000000013\EBDR_1528166300255_test.mp3”正由另一进程使用，因此该进程无法访问此文件。
2018-08-24 22:41:14	Debug	G1475：文件“D:\Abutment\93\UnRevTar\EBDT_10450011600000001010101010000000000000014\EBDR_1528166300255_test.mp3”正由另一进程使用，因此该进程无法访问此文件。
2018-08-24 22:42:02	Debug	行号339：已添加了具有相同键的项。
2018-08-24 22:43:45	Debug	G1475：文件“D:\Abutment\93\UnRevTar\EBDT_10450011600000001010101010000000000000017\EBDR_1528166300255_test.mp3”正由另一进程使用，因此该进程无法访问此文件。
2018-08-24 22:50:14	Debug	G1475：文件“D:\Abutment\93\UnRevTar\EBDT_10450011600000001010101010000000000000020\EBDR_1528166300255_test.mp3”正由另一进程使用，因此该进程无法访问此文件。
2018-08-24 22:50:15	Debug	正在中止线程。
2018-08-24 22:50:59	Debug	G1475：文件“D:\Abutment\93\UnRevTar\EBDT_10450011600000001010101010000000000000021\EBDR_1528166300255_test.mp3”正由另一进程使用，因此该进程无法访问此文件。
2018-08-24 22:54:32	Debug	G1475：文件“D:\Abutment\93\UnRevTar\EBDT_10450011600000001010101010000000000000023\EBDR_1528166300255_test.mp3”正由另一进程使用，因此该进程无法访问此文件。
2018-08-24 22:55:39	Debug	行号339：已添加了具有相同键的项。
